Vivado Simulator v2022.2
Copyright 1986-1999, 2001-2022 Xilinx, Inc. All Rights Reserved.
Running: D:/Instalations/Xilinx/Vivado/2022.2/bin/unwrapped/win64.o/xelab.exe --incr --debug typical --relax --mt 2 -L xil_defaultlib -L secureip --snapshot TOP_RISCV_tb_behav xil_defaultlib.TOP_RISCV_tb -log elaborate.log 
Using 2 slave threads.
Starting static elaboration
Completed static elaboration
Starting simulation data flow analysis
Completed simulation data flow analysis
Time Resolution for simulation is 1ps
Compiling package std.standard
Compiling package std.textio
Compiling package ieee.std_logic_1164
Compiling package ieee.numeric_std
Compiling package xil_defaultlib.txt_util
Compiling package ieee.std_logic_arith
Compiling package ieee.std_logic_unsigned
Compiling architecture behavioral of entity xil_defaultlib.BRAM [bram_default]
Compiling architecture behavioral of entity xil_defaultlib.adder [adder_default]
Compiling architecture behavioral of entity xil_defaultlib.mux2_to_1 [mux2_to_1_default]
Compiling architecture behavioral of entity xil_defaultlib.register32b [register32b_default]
Compiling architecture behavioral of entity xil_defaultlib.program_counter [program_counter_default]
Compiling architecture behavioral of entity xil_defaultlib.reg32b_if_id [reg32b_if_id_default]
Compiling architecture behavioral of entity xil_defaultlib.Register_bank [register_bank_default]
Compiling architecture behavioral of entity xil_defaultlib.Immediate [immediate_default]
Compiling architecture behavioral of entity xil_defaultlib.comparator [comparator_default]
Compiling architecture behavioral of entity xil_defaultlib.mux4_to_1 [mux4_to_1_default]
Compiling architecture behavioral of entity xil_defaultlib.Alu [alu_default]
Compiling architecture struct of entity xil_defaultlib.datapath [datapath_default]
Compiling architecture behavioral of entity xil_defaultlib.hazard_unit [hazard_unit_default]
Compiling architecture behavioral of entity xil_defaultlib.CTRL_decoder [ctrl_decoder_default]
Compiling architecture behavioral of entity xil_defaultlib.forwarding_unit [forwarding_unit_default]
Compiling architecture behavioral of entity xil_defaultlib.ALU_decoder [alu_decoder_default]
Compiling architecture struct of entity xil_defaultlib.controlpath [controlpath_default]
Compiling architecture struct of entity xil_defaultlib.TOP_RISCV [top_riscv_default]
Compiling architecture behavioral of entity xil_defaultlib.top_riscv_tb
Built simulation snapshot TOP_RISCV_tb_behav
